Determining if the pthread_create exist failed with the following output:
Change Dir: /mnt/d/Projects/Third_year/First_semester/OS/synchronous_multithreaded_server/cmake-build-release/CMakeFiles/CMakeTmp

Run Build Command:"/usr/bin/make" "cmTC_59ac1/fast"
/usr/bin/make -f CMakeFiles/cmTC_59ac1.dir/build.make CMakeFiles/cmTC_59ac1.dir/build
make[1]: Entering directory '/mnt/d/Projects/Third_year/First_semester/OS/synchronous_multithreaded_server/cmake-build-release/CMakeFiles/CMakeTmp'
Building C object CMakeFiles/cmTC_59ac1.dir/CheckSymbolExists.c.o
/usr/bin/cc   -std=gnu99 -o CMakeFiles/cmTC_59ac1.dir/CheckSymbolExists.c.o   -c /mnt/d/Projects/Third_year/First_semester/OS/synchronous_multithreaded_server/cmake-build-release/CMakeFiles/CMakeTmp/CheckSymbolExists.c
Linking C executable cmTC_59ac1
/usr/bin/cmake -E cmake_link_script CMakeFiles/cmTC_59ac1.dir/link.txt --verbose=1
/usr/bin/cc      CMakeFiles/cmTC_59ac1.dir/CheckSymbolExists.c.o  -o cmTC_59ac1 
CMakeFiles/cmTC_59ac1.dir/CheckSymbolExists.c.o: In function `main':
CheckSymbolExists.c:(.text+0x1b): undefined reference to `pthread_create'
collect2: error: ld returned 1 exit status
CMakeFiles/cmTC_59ac1.dir/build.make:97: recipe for target 'cmTC_59ac1' failed
make[1]: *** [cmTC_59ac1] Error 1
make[1]: Leaving directory '/mnt/d/Projects/Third_year/First_semester/OS/synchronous_multithreaded_server/cmake-build-release/CMakeFiles/CMakeTmp'
Makefile:126: recipe for target 'cmTC_59ac1/fast' failed
make: *** [cmTC_59ac1/fast] Error 2

File /mnt/d/Projects/Third_year/First_semester/OS/synchronous_multithreaded_server/cmake-build-release/CMakeFiles/CMakeTmp/CheckSymbolExists.c:
/* */
#include <pthread.h>

int main(int argc, char** argv)
{
  (void)argv;
#ifndef pthread_create
  return ((int*)(&pthread_create))[argc];
#else
  (void)argc;
  return 0;
#endif
}

Determining if the function pthread_create exists in the pthreads failed with the following output:
Change Dir: /mnt/d/Projects/Third_year/First_semester/OS/synchronous_multithreaded_server/cmake-build-release/CMakeFiles/CMakeTmp

Run Build Command:"/usr/bin/make" "cmTC_be97d/fast"
/usr/bin/make -f CMakeFiles/cmTC_be97d.dir/build.make CMakeFiles/cmTC_be97d.dir/build
make[1]: Entering directory '/mnt/d/Projects/Third_year/First_semester/OS/synchronous_multithreaded_server/cmake-build-release/CMakeFiles/CMakeTmp'
Building C object CMakeFiles/cmTC_be97d.dir/CheckFunctionExists.c.o
/usr/bin/cc   -DCHECK_FUNCTION_EXISTS=pthread_create   -std=gnu99 -o CMakeFiles/cmTC_be97d.dir/CheckFunctionExists.c.o   -c /usr/share/cmake-3.10/Modules/CheckFunctionExists.c
Linking C executable cmTC_be97d
/usr/bin/cmake -E cmake_link_script CMakeFiles/cmTC_be97d.dir/link.txt --verbose=1
/usr/bin/cc  -DCHECK_FUNCTION_EXISTS=pthread_create    CMakeFiles/cmTC_be97d.dir/CheckFunctionExists.c.o  -o cmTC_be97d -lpthreads 
/usr/bin/ld: cannot find -lpthreads
collect2: error: ld returned 1 exit status
CMakeFiles/cmTC_be97d.dir/build.make:97: recipe for target 'cmTC_be97d' failed
make[1]: *** [cmTC_be97d] Error 1
make[1]: Leaving directory '/mnt/d/Projects/Third_year/First_semester/OS/synchronous_multithreaded_server/cmake-build-release/CMakeFiles/CMakeTmp'
Makefile:126: recipe for target 'cmTC_be97d/fast' failed
make: *** [cmTC_be97d/fast] Error 2


